<?xml version="1.0" encoding="UTF-8"?>
<!-- Generated by org.testng.reporters.JUnitReportReporter -->
<testsuite hostname="LAPTOP-IF2LQPSQ" failures="0" tests="10" name="sanity_script.Runner" time="124.291" errors="0" timestamp="2024-11-27T21:21:44 IST" skipped="0">
  <testcase classname="sanity_script.Runner" name="runScenario" time="9.494"/>
  <system-out/>
  <testcase classname="sanity_script.Runner" name="runScenario" time="7.769"/>
  <system-out/>
  <testcase classname="sanity_script.Runner" name="runScenario" time="10.553"/>
  <system-out/>
  <testcase classname="sanity_script.Runner" name="runScenario" time="3.801"/>
  <system-out/>
  <testcase classname="sanity_script.Runner" name="runScenario" time="4.774"/>
  <system-out/>
  <testcase classname="sanity_script.Runner" name="runScenario" time="32.808"/>
  <system-out/>
  <testcase classname="sanity_script.Runner" name="runScenario" time="15.491"/>
  <system-out/>
  <testcase classname="sanity_script.Runner" name="runScenario" time="4.156"/>
  <system-out/>
  <testcase classname="sanity_script.Runner" name="runScenario" time="15.366"/>
  <system-out/>
  <testcase classname="sanity_script.Runner" name="runScenario" time="20.079"/>
  <system-out/>
</testsuite> <!-- sanity_script.Runner -->
