<?xml version="1.0" encoding="UTF-8"?>
<!-- Generated by org.testng.reporters.JUnitReportReporter -->
<testsuite hostname="CONTUS-LAP-194" failures="0" tests="5" name="sanity_script.Runner" time="57.634" errors="0" timestamp="2024-11-15T16:35:25 IST" skipped="0">
  <testcase classname="sanity_script.Runner" name="runScenario" time="4.607"/>
  <system-out/>
  <testcase classname="sanity_script.Runner" name="runScenario" time="29.248"/>
  <system-out/>
  <testcase classname="sanity_script.Runner" name="runScenario" time="15.749"/>
  <system-out/>
  <testcase classname="sanity_script.Runner" name="runScenario" time="3.534"/>
  <system-out/>
  <testcase classname="sanity_script.Runner" name="runScenario" time="4.496"/>
  <system-out/>
</testsuite> <!-- sanity_script.Runner -->
