<?xml version="1.0" encoding="UTF-8"?>
<!-- Generated by org.testng.reporters.JUnitReportReporter -->
<testsuite hostname="CONTUS-LAP-194" failures="0" tests="10" name="sanity_script.Runner" time="118.984" errors="0" timestamp="2024-11-18T10:29:38 IST" skipped="0">
  <testcase classname="sanity_script.Runner" name="runScenario" time="15.958"/>
  <system-out/>
  <testcase classname="sanity_script.Runner" name="runScenario" time="31.132"/>
  <system-out/>
  <testcase classname="sanity_script.Runner" name="runScenario" time="11.426"/>
  <system-out/>
  <testcase classname="sanity_script.Runner" name="runScenario" time="3.552"/>
  <system-out/>
  <testcase classname="sanity_script.Runner" name="runScenario" time="16.805"/>
  <system-out/>
  <testcase classname="sanity_script.Runner" name="runScenario" time="4.294"/>
  <system-out/>
  <testcase classname="sanity_script.Runner" name="runScenario" time="4.520"/>
  <system-out/>
  <testcase classname="sanity_script.Runner" name="runScenario" time="9.608"/>
  <system-out/>
  <testcase classname="sanity_script.Runner" name="runScenario" time="9.900"/>
  <system-out/>
  <testcase classname="sanity_script.Runner" name="runScenario" time="11.789"/>
  <system-out/>
</testsuite> <!-- sanity_script.Runner -->
